(.venv) PS C:\Work\PythonPr\Sprint_4> pytest -v test_bc.py 
======================================= test session starts ========================================
platform win32 -- Python 3.14.4, pytest-9.0.3, pluggy-1.6.0 -- C:\Work\PythonPr\Sprint_4\.venv\Scripts\python.exe
cachedir: .pytest_cache
rootdir: C:\Work\PythonPr\Sprint_4
collected 12 items                                                                                  

test_bc.py::TestBooksCollector::test_add_new_books_valid_names[\u0412\u0430\u043b\u0438\u0434\u043d\u043e\u0435 \u043d\u0430\u0437\u0432\u0430\u043d\u0438\u0435] FAILED [  8%]
test_bc.py::TestBooksCollector::test_add_new_books_valid_names[o] FAILED                      [ 16%]
test_bc.py::TestBooksCollector::test_add_new_books_valid_names[\u0435\u0435\u0435\u0435\u0435\u0435\u0435\u0435\u0435\u0435\u0435\u0435\u0435\u0435\u0435\u0435\u0435\u0435\u0435\u0435\u0435\u0435\u0435\u0435\u0435\u0435\u0435\u0435\u0435\u0435\u0435\u0435\u0435\u0435\u0435\u0435\u0435\u0435\u0435\u0435] FAILED [ 25%]
test_bc.py::TestBooksCollector::test_add_new_books_not_valid_names[] PASSED                   [ 33%]
test_bc.py::TestBooksCollector::test_add_new_books_not_valid_names[\u0435\u0435\u0435\u0435\u0435\u0435\u0435\u0435\u0435\u0435\u0435\u0435\u0435\u0435\u0435\u0435\u0435\u0435\u0435\u0435\u0435\u0435\u0435\u0435\u0435\u0435\u0435\u0435\u0435\u0435\u0435\u0435\u0435\u0435\u0435\u0435\u0435\u0435\u0435\u0435\u0435] PASSED [ 41%]
test_bc.py::TestBooksCollector::test_add_new_books_duplicate PASSED                           [ 50%]
test_bc.py::TestBooksCollector::test_set_book_genre_valid_genre FAILED                        [ 58%]
test_bc.py::TestBooksCollector::test_get_books_with_specific_genre_valid_search PASSED        [ 66%]
test_bc.py::TestBooksCollector::test_get_books_for_children_valid_search PASSED               [ 75%]
test_bc.py::TestBooksCollector::test_add_book_in_favorites_valid_append PASSED                [ 83%]
test_bc.py::TestBooksCollector::test_add_book_in_favorites_two_same_books_not_append PASSED   [ 91%]
test_bc.py::TestBooksCollector::test_delete_book_from_favorites_valid_delete PASSED           [100%]

============================================= FAILURES =============================================
_ TestBooksCollector.test_add_new_books_valid_names[\u0412\u0430\u043b\u0438\u0434\u043d\u043e\u0435 \u043d\u0430\u0437\u0432\u0430\u043d\u0438\u0435] _

self = <test_bc.TestBooksCollector object at 0x000001F0726D1A90>
b_collector = <main.BooksCollector object at 0x000001F072657620>, book_name = 'Валидное название'

    @pytest.mark.parametrize("book_name",["Валидное название", "o","е"*40])
    def test_add_new_books_valid_names (self,b_collector,book_name):
        b_collector.add_new_book(book_name)
        #проверяем что созданная книга есть в словаре
        assert book_name in b_collector.books_genre
        #проверяем что жанр пока пустой
>       assert b_collector.books_genre(book_name)==''
               ^^^^^^^^^^^^^^^^^^^^^^^^^^^^^^^^^^
E       TypeError: 'dict' object is not callable

test_bc.py:18: TypeError
_______________________ TestBooksCollector.test_add_new_books_valid_names[o] _______________________

self = <test_bc.TestBooksCollector object at 0x000001F0726D1D10>
b_collector = <main.BooksCollector object at 0x000001F0726D25D0>, book_name = 'o'

    @pytest.mark.parametrize("book_name",["Валидное название", "o","е"*40])
    def test_add_new_books_valid_names (self,b_collector,book_name):
        b_collector.add_new_book(book_name)
        #проверяем что созданная книга есть в словаре
        assert book_name in b_collector.books_genre
        #проверяем что жанр пока пустой
>       assert b_collector.books_genre(book_name)==''
               ^^^^^^^^^^^^^^^^^^^^^^^^^^^^^^^^^^
E       TypeError: 'dict' object is not callable

test_bc.py:18: TypeError
_ TestBooksCollector.test_add_new_books_valid_names[\u0435\u0435\u0435\u0435\u0435\u0435\u0435\u0435\u0435\u0435\u0435\u0435\u0435\u0435\u0435\u0435\u0435\u0435\u0435\u0435\u0435\u0435\u0435\u0435\u0435\u0435\u0435\u0435\u0435\u0435\u0435\u0435\u0435\u0435\u0435\u0435\u0435\u0435\u0435\u0435] _

self = <test_bc.TestBooksCollector object at 0x000001F072696C40>
b_collector = <main.BooksCollector object at 0x000001F0726D1E50>
book_name = 'ееееееееееееееееееееееееееееееееееееееее'

    @pytest.mark.parametrize("book_name",["Валидное название", "o","е"*40])
    def test_add_new_books_valid_names (self,b_collector,book_name):
        b_collector.add_new_book(book_name)
        #проверяем что созданная книга есть в словаре
        assert book_name in b_collector.books_genre
        #проверяем что жанр пока пустой
>       assert b_collector.books_genre(book_name)==''
               ^^^^^^^^^^^^^^^^^^^^^^^^^^^^^^^^^^
E       TypeError: 'dict' object is not callable

test_bc.py:18: TypeError
________________________ TestBooksCollector.test_set_book_genre_valid_genre ________________________

self = <test_bc.TestBooksCollector object at 0x000001F072693790>
b_collector = <main.BooksCollector object at 0x000001F072693F00>

    def test_set_book_genre_valid_genre(self,b_collector):
        book_genre='Фантастика'
        book_name='Солярис'
        b_collector.add_new_book(book_name)
        b_collector.set_book_genre(book_name, book_genre)
>       assert b_collector.get_books_genre(book_name) == book_genre
               ^^^^^^^^^^^^^^^^^^^^^^^^^^^^^^^^^^^^^^
E       TypeError: BooksCollector.get_books_genre() takes 1 positional argument but 2 were given

test_bc.py:40: TypeError
===================================== short test summary info ======================================u043d\u043e\u0435 \u043d\u0430\u0437\u0432\u0430\u043d\u0438\u0435] - TypeError: 'dict' object is not callable
FAILED test_bc.py::TestBooksCollector::test_add_new_books_valid_names[o] - TypeError: 'dict' object is not callable
FAILED test_bc.py::TestBooksCollector::test_add_new_books_valid_names[\u0435\u0435\u0435\u0435\u0435\u0435\u0435\u0435\u0435\u0435\u0435\u0435\u0435\u0435\u0435\u0435\u0435\u0435\u0435\u0435\u0435\u0435\u0435\u0435\u0435\u0435\u0435\u0435\u0435\u0435\u0435\u0435\u0435\u0435\u0435\u0435\u0435\u0435\u0435\u0435] - TypeError: 'dict' object is not callable
FAILED test_bc.py::TestBooksCollector::test_set_book_genre_valid_genre - TypeError: BooksCollector.get_books_genre() takes 1 positional argument but 2 were given
=================================== 4 failed, 8 passed in 0.31s ====================================
(.venv) PS C:\Work\PythonPr\Sprint_4> pytest -v test_bc.py 
======================================= test session starts ========================================
platform win32 -- Python 3.14.4, pytest-9.0.3, pluggy-1.6.0 -- C:\Work\PythonPr\Sprint_4\.venv\Scripts\python.exe
cachedir: .pytest_cache
rootdir: C:\Work\PythonPr\Sprint_4
collected 12 items                                                                                  

test_bc.py::TestBooksCollector::test_add_new_books_valid_names[\u0412\u0430\u043b\u0438\u0434\u043d\u043e\u0435 \u043d\u0430\u0437\u0432\u0430\u043d\u0438\u0435] PASSED [  8%]
test_bc.py::TestBooksCollector::test_add_new_books_valid_names[o] PASSED                      [ 16%]
test_bc.py::TestBooksCollector::test_add_new_books_valid_names[\u0435\u0435\u0435\u0435\u0435\u0435\u0435\u0435\u0435\u0435\u0435\u0435\u0435\u0435\u0435\u0435\u0435\u0435\u0435\u0435\u0435\u0435\u0435\u0435\u0435\u0435\u0435\u0435\u0435\u0435\u0435\u0435\u0435\u0435\u0435\u0435\u0435\u0435\u0435\u0435] PASSED [ 25%]
test_bc.py::TestBooksCollector::test_add_new_books_not_valid_names[] PASSED                   [ 33%]
test_bc.py::TestBooksCollector::test_add_new_books_not_valid_names[\u0435\u0435\u0435\u0435\u0435\u0435\u0435\u0435\u0435\u0435\u0435\u0435\u0435\u0435\u0435\u0435\u0435\u0435\u0435\u0435\u0435\u0435\u0435\u0435\u0435\u0435\u0435\u0435\u0435\u0435\u0435\u0435\u0435\u0435\u0435\u0435\u0435\u0435\u0435\u0435\u0435] PASSED [ 41%]
test_bc.py::TestBooksCollector::test_add_new_books_duplicate PASSED                           [ 50%]
test_bc.py::TestBooksCollector::test_set_book_genre_valid_genre FAILED                        [ 58%]
test_bc.py::TestBooksCollector::test_get_books_with_specific_genre_valid_search PASSED        [ 66%]
test_bc.py::TestBooksCollector::test_get_books_for_children_valid_search PASSED               [ 75%]
test_bc.py::TestBooksCollector::test_add_book_in_favorites_valid_append PASSED                [ 83%]
test_bc.py::TestBooksCollector::test_add_book_in_favorites_two_same_books_not_append PASSED   [ 91%]
test_bc.py::TestBooksCollector::test_delete_book_from_favorites_valid_delete PASSED           [100%]

============================================= FAILURES =============================================
________________________ TestBooksCollector.test_set_book_genre_valid_genre ________________________

self = <test_bc.TestBooksCollector object at 0x000001D4957AF790>
b_collector = <main.BooksCollector object at 0x000001D4957AF460>

    def test_set_book_genre_valid_genre(self,b_collector):
        book_genre='Фантастика'
        b_collector.add_new_book(book_name)
        b_collector.set_book_genre(book_name, book_genre)
>       assert b_collector.get_books_genre(book_name) == book_genre
               ^^^^^^^^^^^^^^^^^^^^^^^^^^^^^^^^^^^^^^
E       TypeError: BooksCollector.get_books_genre() takes 1 positional argument but 2 were given

test_bc.py:40: TypeError
===================================== short test summary info ======================================
FAILED test_bc.py::TestBooksCollector::test_set_book_genre_valid_genre - TypeError: BooksCollector.get_books_genre() takes 1 positional argument but 2 were given
=================================== 1 failed, 11 passed in 0.22s ===================================
(.venv) PS C:\Work\PythonPr\Sprint_4> pytest -v test_bc.py 
======================================= test session starts ========================================
platform win32 -- Python 3.14.4, pytest-9.0.3, pluggy-1.6.0 -- C:\Work\PythonPr\Sprint_4\.venv\Scripts\python.exe
cachedir: .pytest_cache
rootdir: C:\Work\PythonPr\Sprint_4
collected 12 items                                                                                  

test_bc.py::TestBooksCollector::test_add_new_books_valid_names[\u0412\u0430\u043b\u0438\u0434\u043d\u043e\u0435 \u043d\u0430\u0437\u0432\u0430\u043d\u0438\u0435] PASSED [  8%]
test_bc.py::TestBooksCollector::test_add_new_books_valid_names[o] PASSED                      [ 16%]
test_bc.py::TestBooksCollector::test_add_new_books_valid_names[\u0435\u0435\u0435\u0435\u0435\u0435\u0435\u0435\u0435\u0435\u0435\u0435\u0435\u0435\u0435\u0435\u0435\u0435\u0435\u0435\u0435\u0435\u0435\u0435\u0435\u0435\u0435\u0435\u0435\u0435\u0435\u0435\u0435\u0435\u0435\u0435\u0435\u0435\u0435\u0435] PASSED [ 25%]
test_bc.py::TestBooksCollector::test_add_new_books_not_valid_names[] PASSED                   [ 33%]
test_bc.py::TestBooksCollector::test_add_new_books_not_valid_names[\u0435\u0435\u0435\u0435\u0435\u0435\u0435\u0435\u0435\u0435\u0435\u0435\u0435\u0435\u0435\u0435\u0435\u0435\u0435\u0435\u0435\u0435\u0435\u0435\u0435\u0435\u0435\u0435\u0435\u0435\u0435\u0435\u0435\u0435\u0435\u0435\u0435\u0435\u0435\u0435\u0435] PASSED [ 41%]
test_bc.py::TestBooksCollector::test_add_new_books_duplicate PASSED                           [ 50%]
test_bc.py::TestBooksCollector::test_set_book_genre_valid_genre PASSED                        [ 58%]
test_bc.py::TestBooksCollector::test_get_books_with_specific_genre_valid_search PASSED        [ 66%]
test_bc.py::TestBooksCollector::test_get_books_for_children_valid_search PASSED               [ 75%]
test_bc.py::TestBooksCollector::test_add_book_in_favorites_valid_append PASSED                [ 83%]
test_bc.py::TestBooksCollector::test_add_book_in_favorites_two_same_books_not_append PASSED   [ 91%]
test_bc.py::TestBooksCollector::test_delete_book_from_favorites_valid_delete PASSED           [100%]

======================================== 12 passed in 0.08s ========================================
(.venv) PS C:\Work\PythonPr\Sprint_4> 4